# JRE version: OpenJDK Runtime Environment Temurin-21.0.8+9 (21.0.8+9) (build 21.0.8+9-LTS)
# Java VM: OpenJDK 64-Bit Server VM Temurin-21.0.8+9 (21.0.8+9-LTS, mixed mode, sharing, tiered, compressed oops, compressed class ptrs, parallel gc, windows-amd64)
GC Precious Log:
 CardTable entry size: 512
 CPUs: 12 total, 12 available
 Memory: 24244M
 Large Page Support: Disabled
 NUMA Support: Disabled
 Compressed Oops: Enabled (32-bit)
 Alignments: Space 512K, Generation 512K, Heap 2M
 Heap Min Capacity: 100M
 Heap Initial Capacity: 100M
 Heap Max Capacity: 2G
 Pre-touch: Disabled
 Parallel Workers: 10
Heap:
 PSYoungGen      total 6144K, used 4825K [0x00000000d5580000, 0x00000000d5d00000, 0x0000000100000000)
  eden space 5632K, 79% used [0x00000000d5580000,0x00000000d59de448,0x00000000d5b00000)
  from space 512K, 68% used [0x00000000d5c80000,0x00000000d5cd8000,0x00000000d5d00000)
  to   space 512K, 0% used [0x00000000d5c00000,0x00000000d5c00000,0x00000000d5c80000)
 ParOldGen       total 520192K, used 519852K [0x0000000080000000, 0x000000009fc00000, 0x00000000d5580000)
  object space 520192K, 99% used [0x0000000080000000,0x000000009fbab2f0,0x000000009fc00000)
 Metaspace       used 71664K, committed 73152K, reserved 1114112K
  class space    used 7656K, committed 8256K, reserved 1048576K
GC Heap History (20 events):
Event: 56.656 GC heap before
{Heap before GC invocations=464 (full 3):
 PSYoungGen      total 5120K, used 4992K [0x00000000d5580000, 0x00000000d6300000, 0x0000000100000000)
  eden space 3072K, 100% used [0x00000000d5580000,0x00000000d5880000,0x00000000d5880000)
  from space 2048K, 93% used [0x00000000d6100000,0x00000000d62e0000,0x00000000d6300000)
  to   space 3072K, 0% used [0x00000000d5d00000,0x00000000d5d00000,0x00000000d6000000)
 ParOldGen       total 509952K, used 509632K [0x0000000080000000, 0x000000009f200000, 0x00000000d5580000)
  object space 509952K, 99% used [0x0000000080000000,0x000000009f1b02c8,0x000000009f200000)
 Metaspace       used 69065K, committed 70528K, reserved 1114112K
  class space    used 7357K, committed 7936K, reserved 1048576K
}
Event: 56.660 GC heap after
{Heap after GC invocations=464 (full 3):
 PSYoungGen      total 6656K, used 2240K [0x00000000d5580000, 0x00000000d6180000, 0x0000000100000000)
  eden space 4096K, 0% used [0x00000000d5580000,0x00000000d5580000,0x00000000d5980000)
  from space 2560K, 87% used [0x00000000d5d00000,0x00000000d5f30000,0x00000000d5f80000)
  to   space 2048K, 0% used [0x00000000d5f80000,0x00000000d5f80000,0x00000000d6180000)
 ParOldGen       total 511488K, used 511448K [0x0000000080000000, 0x000000009f380000, 0x00000000d5580000)
  object space 511488K, 99% used [0x0000000080000000,0x000000009f3762c8,0x000000009f380000)
 Metaspace       used 69065K, committed 70528K, reserved 1114112K
  class space    used 7357K, committed 7936K, reserved 1048576K
}
Event: 56.667 GC heap before
{Heap before GC invocations=465 (full 3):
 PSYoungGen      total 6656K, used 6336K [0x00000000d5580000, 0x00000000d6180000, 0x0000000100000000)
  eden space 4096K, 100% used [0x00000000d5580000,0x00000000d5980000,0x00000000d5980000)
  from space 2560K, 87% used [0x00000000d5d00000,0x00000000d5f30000,0x00000000d5f80000)
  to   space 2048K, 0% used [0x00000000d5f80000,0x00000000d5f80000,0x00000000d6180000)
 ParOldGen       total 511488K, used 511448K [0x0000000080000000, 0x000000009f380000, 0x00000000d5580000)
  object space 511488K, 99% used [0x0000000080000000,0x000000009f3762c8,0x000000009f380000)
 Metaspace       used 69065K, committed 70528K, reserved 1114112K
  class space    used 7357K, committed 7936K, reserved 1048576K
}
Event: 56.671 GC heap after
{Heap after GC invocations=465 (full 3):
 PSYoungGen      total 6656K, used 2048K [0x00000000d5580000, 0x00000000d6580000, 0x0000000100000000)
  eden space 4608K, 0% used [0x00000000d5580000,0x00000000d5580000,0x00000000d5a00000)
  from space 2048K, 100% used [0x00000000d5f80000,0x00000000d6180000,0x00000000d6180000)
  to   space 5632K, 0% used [0x00000000d5a00000,0x00000000d5a00000,0x00000000d5f80000)
 ParOldGen       total 514560K, used 514408K [0x0000000080000000, 0x000000009f680000, 0x00000000d5580000)
  object space 514560K, 99% used [0x0000000080000000,0x000000009f65a2c8,0x000000009f680000)
 Metaspace       used 69065K, committed 70528K, reserved 1114112K
  class space    used 7357K, committed 7936K, reserved 1048576K
}
Event: 56.710 GC heap before
{Heap before GC invocations=466 (full 3):
 PSYoungGen      total 6656K, used 6656K [0x00000000d5580000, 0x00000000d6580000, 0x0000000100000000)
  eden space 4608K, 100% used [0x00000000d5580000,0x00000000d5a00000,0x00000000d5a00000)
  from space 2048K, 100% used [0x00000000d5f80000,0x00000000d6180000,0x00000000d6180000)
  to   space 5632K, 0% used [0x00000000d5a00000,0x00000000d5a00000,0x00000000d5f80000)
 ParOldGen       total 514560K, used 514408K [0x0000000080000000, 0x000000009f680000, 0x00000000d5580000)
  object space 514560K, 99% used [0x0000000080000000,0x000000009f65a2c8,0x000000009f680000)
 Metaspace       used 69089K, committed 70528K, reserved 1114112K
  class space    used 7357K, committed 7936K, reserved 1048576K
}
Event: 56.713 GC heap after
{Heap after GC invocations=466 (full 3):
 PSYoungGen      total 6656K, used 1888K [0x00000000d5580000, 0x00000000d6100000, 0x0000000100000000)
  eden space 4608K, 0% used [0x00000000d5580000,0x00000000d5580000,0x00000000d5a00000)
  from space 2048K, 92% used [0x00000000d5a00000,0x00000000d5bd8000,0x00000000d5c00000)
  to   space 3072K, 0% used [0x00000000d5e00000,0x00000000d5e00000,0x00000000d6100000)
 ParOldGen       total 516608K, used 516432K [0x0000000080000000, 0x000000009f880000, 0x00000000d5580000)
  object space 516608K, 99% used [0x0000000080000000,0x000000009f8542c8,0x000000009f880000)
 Metaspace       used 69089K, committed 70528K, reserved 1114112K
  class space    used 7357K, committed 7936K, reserved 1048576K
}
Event: 56.785 GC heap before
{Heap before GC invocations=467 (full 3):
 PSYoungGen      total 6656K, used 6492K [0x00000000d5580000, 0x00000000d6100000, 0x0000000100000000)
  eden space 4608K, 99% used [0x00000000d5580000,0x00000000d59ff328,0x00000000d5a00000)
  from space 2048K, 92% used [0x00000000d5a00000,0x00000000d5bd8000,0x00000000d5c00000)
  to   space 3072K, 0% used [0x00000000d5e00000,0x00000000d5e00000,0x00000000d6100000)
 ParOldGen       total 516608K, used 516432K [0x0000000080000000, 0x000000009f880000, 0x00000000d5580000)
  object space 516608K, 99% used [0x0000000080000000,0x000000009f8542c8,0x000000009f880000)
 Metaspace       used 69159K, committed 70592K, reserved 1114112K
  class space    used 7359K, committed 8000K, reserved 1048576K
}
Event: 56.788 GC heap after
{Heap after GC invocations=467 (full 3):
 PSYoungGen      total 6144K, used 352K [0x00000000d5580000, 0x00000000d5e80000, 0x0000000100000000)
  eden space 5632K, 0% used [0x00000000d5580000,0x00000000d5580000,0x00000000d5b00000)
  from space 512K, 68% used [0x00000000d5e00000,0x00000000d5e58000,0x00000000d5e80000)
  to   space 1536K, 0% used [0x00000000d5b80000,0x00000000d5b80000,0x00000000d5d00000)
 ParOldGen       total 518656K, used 518200K [0x0000000080000000, 0x000000009fa80000, 0x00000000d5580000)
  object space 518656K, 99% used [0x0000000080000000,0x000000009fa0e2c8,0x000000009fa80000)
 Metaspace       used 69159K, committed 70592K, reserved 1114112K
  class space    used 7359K, committed 8000K, reserved 1048576K
}
Event: 56.832 GC heap before
{Heap before GC invocations=468 (full 3):
 PSYoungGen      total 6144K, used 5911K [0x00000000d5580000, 0x00000000d5e80000, 0x0000000100000000)
  eden space 5632K, 98% used [0x00000000d5580000,0x00000000d5aedeb8,0x00000000d5b00000)
  from space 512K, 68% used [0x00000000d5e00000,0x00000000d5e58000,0x00000000d5e80000)
  to   space 1536K, 0% used [0x00000000d5b80000,0x00000000d5b80000,0x00000000d5d00000)
 ParOldGen       total 518656K, used 518200K [0x0000000080000000, 0x000000009fa80000, 0x00000000d5580000)
  object space 518656K, 99% used [0x0000000080000000,0x000000009fa0e2c8,0x000000009fa80000)
 Metaspace       used 69306K, committed 70784K, reserved 1114112K
  class space    used 7373K, committed 8000K, reserved 1048576K
}
Event: 56.834 GC heap after
{Heap after GC invocations=468 (full 3):
 PSYoungGen      total 7168K, used 1255K [0x00000000d5580000, 0x00000000d5e80000, 0x0000000100000000)
  eden space 5632K, 0% used [0x00000000d5580000,0x00000000d5580000,0x00000000d5b00000)
  from space 1536K, 81% used [0x00000000d5b80000,0x00000000d5cb9e50,0x00000000d5d00000)
  to   space 1536K, 0% used [0x00000000d5d00000,0x00000000d5d00000,0x00000000d5e80000)
 ParOldGen       total 518656K, used 518336K [0x0000000080000000, 0x000000009fa80000, 0x00000000d5580000)
  object space 518656K, 99% used [0x0000000080000000,0x000000009fa302c8,0x000000009fa80000)
 Metaspace       used 69306K, committed 70784K, reserved 1114112K
  class space    used 7373K, committed 8000K, reserved 1048576K
}
Event: 56.924 GC heap before
{Heap before GC invocations=469 (full 3):
 PSYoungGen      total 7168K, used 6887K [0x00000000d5580000, 0x00000000d5e80000, 0x0000000100000000)
  eden space 5632K, 100% used [0x00000000d5580000,0x00000000d5b00000,0x00000000d5b00000)
  from space 1536K, 81% used [0x00000000d5b80000,0x00000000d5cb9e50,0x00000000d5d00000)
  to   space 1536K, 0% used [0x00000000d5d00000,0x00000000d5d00000,0x00000000d5e80000)
 ParOldGen       total 518656K, used 518336K [0x0000000080000000, 0x000000009fa80000, 0x00000000d5580000)
  object space 518656K, 99% used [0x0000000080000000,0x000000009fa302c8,0x000000009fa80000)
 Metaspace       used 69689K, committed 71104K, reserved 1114112K
  class space    used 7399K, committed 8000K, reserved 1048576K
}
Event: 56.925 GC heap after
{Heap after GC invocations=469 (full 3):
 PSYoungGen      total 6656K, used 560K [0x00000000d5580000, 0x00000000d5e00000, 0x0000000100000000)
  eden space 5632K, 0% used [0x00000000d5580000,0x00000000d5580000,0x00000000d5b00000)
  from space 1024K, 54% used [0x00000000d5d00000,0x00000000d5d8c010,0x00000000d5e00000)
  to   space 1024K, 0% used [0x00000000d5c00000,0x00000000d5c00000,0x00000000d5d00000)
 ParOldGen       total 518656K, used 518392K [0x0000000080000000, 0x000000009fa80000, 0x00000000d5580000)
  object space 518656K, 99% used [0x0000000080000000,0x000000009fa3e2c8,0x000000009fa80000)
 Metaspace       used 69689K, committed 71104K, reserved 1114112K
  class space    used 7399K, committed 8000K, reserved 1048576K
}
Event: 57.015 GC heap before
{Heap before GC invocations=470 (full 3):
 PSYoungGen      total 6656K, used 5976K [0x00000000d5580000, 0x00000000d5e00000, 0x0000000100000000)
  eden space 5632K, 96% used [0x00000000d5580000,0x00000000d5aca2b0,0x00000000d5b00000)
  from space 1024K, 54% used [0x00000000d5d00000,0x00000000d5d8c010,0x00000000d5e00000)
  to   space 1024K, 0% used [0x00000000d5c00000,0x00000000d5c00000,0x00000000d5d00000)
 ParOldGen       total 518656K, used 518392K [0x0000000080000000, 0x000000009fa80000, 0x00000000d5580000)
  object space 518656K, 99% used [0x0000000080000000,0x000000009fa3e2c8,0x000000009fa80000)
 Metaspace       used 69910K, committed 71424K, reserved 1114112K
  class space    used 7418K, committed 8064K, reserved 1048576K
}
Event: 57.017 GC heap after
{Heap after GC invocations=470 (full 3):
 PSYoungGen      total 6656K, used 736K [0x00000000d5580000, 0x00000000d5d80000, 0x0000000100000000)
  eden space 5632K, 0% used [0x00000000d5580000,0x00000000d5580000,0x00000000d5b00000)
  from space 1024K, 71% used [0x00000000d5c00000,0x00000000d5cb8000,0x00000000d5d00000)
  to   space 512K, 0% used [0x00000000d5d00000,0x00000000d5d00000,0x00000000d5d80000)
 ParOldGen       total 518656K, used 518645K [0x0000000080000000, 0x000000009fa80000, 0x00000000d5580000)
  object space 518656K, 99% used [0x0000000080000000,0x000000009fa7d690,0x000000009fa80000)
 Metaspace       used 69910K, committed 71424K, reserved 1114112K
  class space    used 7418K, committed 8064K, reserved 1048576K
}
Event: 57.050 GC heap before
{Heap before GC invocations=471 (full 3):
 PSYoungGen      total 6656K, used 6368K [0x00000000d5580000, 0x00000000d5d80000, 0x0000000100000000)
  eden space 5632K, 100% used [0x00000000d5580000,0x00000000d5b00000,0x00000000d5b00000)
  from space 1024K, 71% used [0x00000000d5c00000,0x00000000d5cb8000,0x00000000d5d00000)
  to   space 512K, 0% used [0x00000000d5d00000,0x00000000d5d00000,0x00000000d5d80000)
 ParOldGen       total 518656K, used 518645K [0x0000000080000000, 0x000000009fa80000, 0x00000000d5580000)
  object space 518656K, 99% used [0x0000000080000000,0x000000009fa7d690,0x000000009fa80000)
 Metaspace       used 70139K, committed 71616K, reserved 1114112K
  class space    used 7442K, committed 8064K, reserved 1048576K
}
Event: 57.052 GC heap after
{Heap after GC invocations=471 (full 3):
 PSYoungGen      total 6144K, used 487K [0x00000000d5580000, 0x00000000d5e00000, 0x0000000100000000)
  eden space 5632K, 0% used [0x00000000d5580000,0x00000000d5580000,0x00000000d5b00000)
  from space 512K, 95% used [0x00000000d5d00000,0x00000000d5d79c60,0x00000000d5d80000)
  to   space 1536K, 0% used [0x00000000d5b00000,0x00000000d5b00000,0x00000000d5c80000)
 ParOldGen       total 519680K, used 519205K [0x0000000080000000, 0x000000009fb80000, 0x00000000d5580000)
  object space 519680K, 99% used [0x0000000080000000,0x000000009fb09690,0x000000009fb80000)
 Metaspace       used 70139K, committed 71616K, reserved 1114112K
  class space    used 7442K, committed 8064K, reserved 1048576K
}
Event: 57.144 GC heap before
{Heap before GC invocations=472 (full 3):
 PSYoungGen      total 6144K, used 6119K [0x00000000d5580000, 0x00000000d5e00000, 0x0000000100000000)
  eden space 5632K, 100% used [0x00000000d5580000,0x00000000d5b00000,0x00000000d5b00000)
  from space 512K, 95% used [0x00000000d5d00000,0x00000000d5d79c60,0x00000000d5d80000)
  to   space 1536K, 0% used [0x00000000d5b00000,0x00000000d5b00000,0x00000000d5c80000)
 ParOldGen       total 519680K, used 519205K [0x0000000080000000, 0x000000009fb80000, 0x00000000d5580000)
  object space 519680K, 99% used [0x0000000080000000,0x000000009fb09690,0x000000009fb80000)
 Metaspace       used 70930K, committed 72384K, reserved 1114112K
  class space    used 7573K, committed 8192K, reserved 1048576K
}
Event: 57.147 GC heap after
{Heap after GC invocations=472 (full 3):
 PSYoungGen      total 7168K, used 480K [0x00000000d5580000, 0x00000000d5d80000, 0x0000000100000000)
  eden space 5632K, 0% used [0x00000000d5580000,0x00000000d5580000,0x00000000d5b00000)
  from space 1536K, 31% used [0x00000000d5b00000,0x00000000d5b78000,0x00000000d5c80000)
  to   space 1024K, 0% used [0x00000000d5c80000,0x00000000d5c80000,0x00000000d5d80000)
 ParOldGen       total 519680K, used 519612K [0x0000000080000000, 0x000000009fb80000, 0x00000000d5580000)
  object space 519680K, 99% used [0x0000000080000000,0x000000009fb6f2f0,0x000000009fb80000)
 Metaspace       used 70930K, committed 72384K, reserved 1114112K
  class space    used 7573K, committed 8192K, reserved 1048576K
}
Event: 343.590 GC heap before
{Heap before GC invocations=473 (full 3):
 PSYoungGen      total 7168K, used 6112K [0x00000000d5580000, 0x00000000d5d80000, 0x0000000100000000)
  eden space 5632K, 100% used [0x00000000d5580000,0x00000000d5b00000,0x00000000d5b00000)
  from space 1536K, 31% used [0x00000000d5b00000,0x00000000d5b78000,0x00000000d5c80000)
  to   space 1024K, 0% used [0x00000000d5c80000,0x00000000d5c80000,0x00000000d5d80000)
 ParOldGen       total 519680K, used 519612K [0x0000000080000000, 0x000000009fb80000, 0x00000000d5580000)
  object space 519680K, 99% used [0x0000000080000000,0x000000009fb6f2f0,0x000000009fb80000)
 Metaspace       used 71333K, committed 72896K, reserved 1114112K
  class space    used 7630K, committed 8256K, reserved 1048576K
}
Event: 343.596 GC heap after
{Heap after GC invocations=473 (full 3):
 PSYoungGen      total 6144K, used 352K [0x00000000d5580000, 0x00000000d5d00000, 0x0000000100000000)
  eden space 5632K, 0% used [0x00000000d5580000,0x00000000d5580000,0x00000000d5b00000)
  from space 512K, 68% used [0x00000000d5c80000,0x00000000d5cd8000,0x00000000d5d00000)
  to   space 512K, 0% used [0x00000000d5c00000,0x00000000d5c00000,0x00000000d5c80000)
 ParOldGen       total 520192K, used 519852K [0x0000000080000000, 0x000000009fc00000, 0x00000000d5580000)
  object space 520192K, 99% used [0x0000000080000000,0x000000009fbab2f0,0x000000009fc00000)
 Metaspace       used 71333K, committed 72896K, reserved 1114112K
  class space    used 7630K, committed 8256K, reserved 1048576K
}

